<?xml version="1.0" encoding="UTF-8"?>
<testng-results skipped="0" failed="0" ignored="0" total="1" passed="1">
  <reporter-output>
  </reporter-output>
  <suite name="Default suite" duration-ms="39026" started-at="2020-08-29T11:16:54Z" finished-at="2020-08-29T11:17:33Z">
    <groups>
    </groups>
    <test name="Default test" duration-ms="39026" started-at="2020-08-29T11:16:54Z" finished-at="2020-08-29T11:17:33Z">
      <class name="Aug29.Selenium">
        <test-method status="PASS" signature="SetUp()[pri:0, instance:Aug29.Selenium@68be2bc2]" name="SetUp" is-config="true" duration-ms="14" started-at="2020-08-29T11:16:54Z" finished-at="2020-08-29T11:16:54Z">
          <reporter-output>
          </reporter-output>
        </test-method> <!-- SetUp -->
        <test-method status="PASS" signature="select()[pri:0, instance:Aug29.Selenium@68be2bc2]" name="select" duration-ms="38999" started-at="2020-08-29T11:16:54Z" finished-at="2020-08-29T11:17:33Z">
          <reporter-output>
          </reporter-output>
        </test-method> <!-- select -->
        <test-method status="PASS" signature="end()[pri:0, instance:Aug29.Selenium@68be2bc2]" name="end" is-config="true" duration-ms="2" started-at="2020-08-29T11:17:33Z" finished-at="2020-08-29T11:17:33Z">
          <reporter-output>
          </reporter-output>
        </test-method> <!-- end -->
      </class> <!-- Aug29.Selenium -->
    </test> <!-- Default test -->
  </suite> <!-- Default suite -->
</testng-results>
