<?xml version="1.0" encoding="UTF-8"?>
<!-- Generated by org.testng.reporters.JUnitXMLReporter -->
<testsuite hostname="ASHISH" ignored="0" name="TmpTest" tests="14" failures="1" timestamp="17 Jul 2020 09:06:58 GMT" time="0.138" errors="0">
  <testcase name="googleTitleTest" time="0.014" classname="july15.TestNgBasics"/>
  <testcase name="search" time="0.003" classname="july15.TestNgBasics"/>
  <testcase name="loginTest" time="0.002" classname="july15.TestNgFeatures">
    <failure type="java.lang.ArithmeticException" message="/ by zero">
      <![CDATA[java.lang.ArithmeticException: / by zero
at july15.TestNgFeatures.loginTest(TestNgFeatures.java:11)
... Removed 25 stack frames]]>
    </failure>
  </testcase> <!-- loginTest -->
  <testcase name="sum" time="0.001" classname="july15.InvocationCountTest"/>
  <testcase name="sum" time="0.003" classname="july15.InvocationCountTest"/>
  <testcase name="sum" time="0.0" classname="july15.InvocationCountTest"/>
  <testcase name="sum" time="0.001" classname="july15.InvocationCountTest"/>
  <testcase name="sum" time="0.001" classname="july15.InvocationCountTest"/>
  <testcase name="sum" time="0.002" classname="july15.InvocationCountTest"/>
  <testcase name="sum" time="0.002" classname="july15.InvocationCountTest"/>
  <testcase name="sum" time="0.004" classname="july15.InvocationCountTest"/>
  <testcase name="sum" time="0.0" classname="july15.InvocationCountTest"/>
  <testcase name="sum" time="0.012" classname="july15.InvocationCountTest"/>
  <testcase name="test1" time="0.002" classname="july15.ExpectedExceptionTest"/>
</testsuite> <!-- TmpTest -->
